\BOOKMARK [0][-]{chapter.1}{\376\377\0001\000\040\000F\000i\000l\000e\000\040\000I\000n\000d\000e\000x}{}% 1
\BOOKMARK [1][-]{section.1.1}{\376\377\0001\000.\0001\000\040\000F\000i\000l\000e\000\040\000L\000i\000s\000t}{chapter.1}% 2
\BOOKMARK [0][-]{chapter.2}{\376\377\0002\000\040\000F\000i\000l\000e\000\040\000D\000o\000c\000u\000m\000e\000n\000t\000a\000t\000i\000o\000n}{}% 3
\BOOKMARK [1][-]{section.2.1}{\376\377\0002\000.\0001\000\040\000d\000r\000i\000v\000e\000r\000s\000/\000c\000p\000u\000.\000c\000\040\000F\000i\000l\000e\000\040\000R\000e\000f\000e\000r\000e\000n\000c\000e}{chapter.2}% 4
\BOOKMARK [2][-]{subsection.2.1.1}{\376\377\0002\000.\0001\000.\0001\000\040\000F\000u\000n\000c\000t\000i\000o\000n\000\040\000D\000o\000c\000u\000m\000e\000n\000t\000a\000t\000i\000o\000n}{section.2.1}% 5
\BOOKMARK [3][-]{subsubsection.2.1.1.1}{\376\377\0002\000.\0001\000.\0001\000.\0001\000\040\000c\000p\000u\000\137\000g\000e\000t\000\137\000p\000e\000r\000i\000p\000h\000e\000r\000a\000l\000\137\000c\000l\000o\000c\000k\000\050\000\051}{subsection.2.1.1}% 6
\BOOKMARK [1][-]{section.2.2}{\376\377\0002\000.\0002\000\040\000d\000r\000i\000v\000e\000r\000s\000/\000g\000p\000i\000o\000.\000c\000\040\000F\000i\000l\000e\000\040\000R\000e\000f\000e\000r\000e\000n\000c\000e}{chapter.2}% 7
\BOOKMARK [2][-]{subsection.2.2.1}{\376\377\0002\000.\0002\000.\0001\000\040\000F\000u\000n\000c\000t\000i\000o\000n\000\040\000D\000o\000c\000u\000m\000e\000n\000t\000a\000t\000i\000o\000n}{section.2.2}% 8
\BOOKMARK [3][-]{subsubsection.2.2.1.1}{\376\377\0002\000.\0002\000.\0001\000.\0001\000\040\000g\000p\000i\000o\000\137\000l\000o\000c\000k\000\137\000p\000p\000s\000\050\000\051}{subsection.2.2.1}% 9
\BOOKMARK [3][-]{subsubsection.2.2.1.2}{\376\377\0002\000.\0002\000.\0001\000.\0002\000\040\000g\000p\000i\000o\000\137\000r\000e\000a\000d\000\050\000\051}{subsection.2.2.1}% 10
\BOOKMARK [3][-]{subsubsection.2.2.1.3}{\376\377\0002\000.\0002\000.\0001\000.\0003\000\040\000g\000p\000i\000o\000\137\000s\000e\000t\000\137\000f\000u\000n\000c\000t\000i\000o\000n\000\050\000\051}{subsection.2.2.1}% 11
\BOOKMARK [3][-]{subsubsection.2.2.1.4}{\376\377\0002\000.\0002\000.\0001\000.\0004\000\040\000g\000p\000i\000o\000\137\000s\000e\000t\000\137\000m\000o\000d\000e\000\050\000\051}{subsection.2.2.1}% 12
\BOOKMARK [3][-]{subsubsection.2.2.1.5}{\376\377\0002\000.\0002\000.\0001\000.\0005\000\040\000g\000p\000i\000o\000\137\000u\000n\000l\000o\000c\000k\000\137\000p\000p\000s\000\050\000\051}{subsection.2.2.1}% 13
\BOOKMARK [3][-]{subsubsection.2.2.1.6}{\376\377\0002\000.\0002\000.\0001\000.\0006\000\040\000g\000p\000i\000o\000\137\000w\000r\000i\000t\000e\000\050\000\051}{subsection.2.2.1}% 14
\BOOKMARK [1][-]{section.2.3}{\376\377\0002\000.\0003\000\040\000d\000r\000i\000v\000e\000r\000s\000/\000u\000a\000r\000t\000.\000c\000\040\000F\000i\000l\000e\000\040\000R\000e\000f\000e\000r\000e\000n\000c\000e}{chapter.2}% 15
\BOOKMARK [2][-]{subsection.2.3.1}{\376\377\0002\000.\0003\000.\0001\000\040\000F\000u\000n\000c\000t\000i\000o\000n\000\040\000D\000o\000c\000u\000m\000e\000n\000t\000a\000t\000i\000o\000n}{section.2.3}% 16
\BOOKMARK [3][-]{subsubsection.2.3.1.1}{\376\377\0002\000.\0003\000.\0001\000.\0001\000\040\000u\000a\000r\000t\000\137\000c\000l\000o\000s\000e\000\050\000\051}{subsection.2.3.1}% 17
\BOOKMARK [3][-]{subsubsection.2.3.1.2}{\376\377\0002\000.\0003\000.\0001\000.\0002\000\040\000u\000a\000r\000t\000\137\000o\000p\000e\000n\000\050\000\051}{subsection.2.3.1}% 18
\BOOKMARK [3][-]{subsubsection.2.3.1.3}{\376\377\0002\000.\0003\000.\0001\000.\0003\000\040\000u\000a\000r\000t\000\137\000s\000e\000t\000\137\000b\000a\000u\000d\000\050\000\051}{subsection.2.3.1}% 19
\BOOKMARK [3][-]{subsubsection.2.3.1.4}{\376\377\0002\000.\0003\000.\0001\000.\0004\000\040\000u\000a\000r\000t\000\137\000s\000e\000t\000\137\000f\000o\000r\000m\000a\000t\000\050\000\051}{subsection.2.3.1}% 20
\BOOKMARK [3][-]{subsubsection.2.3.1.5}{\376\377\0002\000.\0003\000.\0001\000.\0005\000\040\000u\000a\000r\000t\000\137\000s\000e\000t\000\137\000r\000x\000\137\000p\000i\000n\000\050\000\051}{subsection.2.3.1}% 21
\BOOKMARK [3][-]{subsubsection.2.3.1.6}{\376\377\0002\000.\0003\000.\0001\000.\0006\000\040\000u\000a\000r\000t\000\137\000s\000e\000t\000\137\000t\000x\000\137\000p\000i\000n\000\050\000\051}{subsection.2.3.1}% 22
\BOOKMARK [0][-]{section*.8}{\376\377\000I\000n\000d\000e\000x}{}% 23
